<?xml version="1.0" encoding="UTF-8"?>
<!-- Generated by org.testng.reporters.JUnitReportReporter -->
<testsuite hostname="DESKTOP-10G2ADP" failures="0" tests="1" name="RestTesting.Trello" time="4.456" errors="0" timestamp="15 Mar 2022 12:39:23 GMT">
  <testcase classname="RestTesting.Trello" name="createBoard" time="4.456"/>
</testsuite> <!-- RestTesting.Trello -->
