<?xml version="1.0" encoding="UTF-8"?>
<!-- Generated by org.testng.reporters.JUnitReportReporter -->
<testsuite hostname="DESKTOP-10G2ADP" failures="0" tests="4" name="RestTesting.E_commerce" time="16.064" errors="0" timestamp="16 Mar 2022 06:45:29 GMT">
  <testcase classname="RestTesting.E_commerce" name="Login" time="3.990"/>
  <testcase classname="RestTesting.E_commerce" name="getallusers" time="2.827"/>
  <testcase classname="RestTesting.E_commerce" name="delete" time="1.707"/>
  <testcase classname="RestTesting.E_commerce" name="signup" time="7.540"/>
</testsuite> <!-- RestTesting.E_commerce -->
